mode: atomic
github.com/slotix/dataflowkit/scrape/divide.go:17.86,19.2 1 29
github.com/slotix/dataflowkit/scrape/divide.go:24.54,25.59 1 0
github.com/slotix/dataflowkit/scrape/divide.go:33.2,33.12 1 0
github.com/slotix/dataflowkit/scrape/divide.go:25.59,27.56 2 0
github.com/slotix/dataflowkit/scrape/divide.go:31.3,31.14 1 0
github.com/slotix/dataflowkit/scrape/divide.go:27.56,29.4 1 0
github.com/slotix/dataflowkit/scrape/divide.go:36.64,41.2 4 0
github.com/slotix/dataflowkit/scrape/divide.go:43.59,44.21 1 202
github.com/slotix/dataflowkit/scrape/divide.go:47.2,48.26 2 202
github.com/slotix/dataflowkit/scrape/divide.go:51.2,53.26 2 37
github.com/slotix/dataflowkit/scrape/divide.go:57.2,57.24 1 10
github.com/slotix/dataflowkit/scrape/divide.go:44.21,46.3 1 0
github.com/slotix/dataflowkit/scrape/divide.go:48.26,50.3 1 165
github.com/slotix/dataflowkit/scrape/divide.go:53.26,55.3 1 27
github.com/slotix/dataflowkit/scrape/divide.go:61.95,63.30 2 0
github.com/slotix/dataflowkit/scrape/divide.go:76.2,76.55 1 0
github.com/slotix/dataflowkit/scrape/divide.go:79.2,88.25 4 0
github.com/slotix/dataflowkit/scrape/divide.go:96.2,96.24 1 0
github.com/slotix/dataflowkit/scrape/divide.go:100.2,100.20 1 0
github.com/slotix/dataflowkit/scrape/divide.go:63.30,67.23 2 0
github.com/slotix/dataflowkit/scrape/divide.go:67.23,68.14 1 0
github.com/slotix/dataflowkit/scrape/divide.go:68.14,70.5 1 0
github.com/slotix/dataflowkit/scrape/divide.go:70.5,72.5 1 0
github.com/slotix/dataflowkit/scrape/divide.go:76.55,78.3 1 0
github.com/slotix/dataflowkit/scrape/divide.go:88.25,95.3 1 0
github.com/slotix/dataflowkit/scrape/divide.go:96.24,99.3 1 0
github.com/slotix/dataflowkit/scrape/divide.go:105.66,106.59 1 4
github.com/slotix/dataflowkit/scrape/divide.go:123.2,123.12 1 4
github.com/slotix/dataflowkit/scrape/divide.go:106.59,111.17 3 32
github.com/slotix/dataflowkit/scrape/divide.go:116.3,116.46 1 32
github.com/slotix/dataflowkit/scrape/divide.go:121.3,121.14 1 32
github.com/slotix/dataflowkit/scrape/divide.go:111.17,114.4 2 0
github.com/slotix/dataflowkit/scrape/divide.go:116.46,119.4 1 154
github.com/slotix/dataflowkit/scrape/divide.go:126.96,127.25 1 32
github.com/slotix/dataflowkit/scrape/divide.go:130.2,131.24 2 32
github.com/slotix/dataflowkit/scrape/divide.go:149.2,149.36 1 32
github.com/slotix/dataflowkit/scrape/divide.go:152.2,154.49 3 32
github.com/slotix/dataflowkit/scrape/divide.go:157.2,166.19 2 32
github.com/slotix/dataflowkit/scrape/divide.go:127.25,129.3 1 0
github.com/slotix/dataflowkit/scrape/divide.go:131.24,134.15 3 5
github.com/slotix/dataflowkit/scrape/divide.go:134.15,135.37 1 10
github.com/slotix/dataflowkit/scrape/divide.go:135.37,140.40 3 13
github.com/slotix/dataflowkit/scrape/divide.go:145.5,145.18 1 8
github.com/slotix/dataflowkit/scrape/divide.go:140.40,143.11 3 5
github.com/slotix/dataflowkit/scrape/divide.go:149.36,151.3 1 0
github.com/slotix/dataflowkit/scrape/divide.go:154.49,156.3 1 202
github.com/slotix/dataflowkit/scrape/encoders.go:39.70,41.23 2 3
github.com/slotix/dataflowkit/scrape/encoders.go:46.2,47.24 2 3
github.com/slotix/dataflowkit/scrape/encoders.go:41.23,43.3 1 1
github.com/slotix/dataflowkit/scrape/encoders.go:43.3,45.3 1 2
github.com/slotix/dataflowkit/scrape/encoders.go:51.69,70.16 5 2
github.com/slotix/dataflowkit/scrape/encoders.go:73.2,75.24 3 2
github.com/slotix/dataflowkit/scrape/encoders.go:70.16,72.3 1 0
github.com/slotix/dataflowkit/scrape/encoders.go:79.69,97.16 3 3
github.com/slotix/dataflowkit/scrape/encoders.go:100.2,101.24 2 3
github.com/slotix/dataflowkit/scrape/encoders.go:97.16,99.3 1 0
github.com/slotix/dataflowkit/scrape/encoders.go:104.53,108.2 1 1
github.com/slotix/dataflowkit/scrape/encoders.go:110.59,114.2 1 1
github.com/slotix/dataflowkit/scrape/encoders.go:120.99,121.17 1 2
github.com/slotix/dataflowkit/scrape/encoders.go:124.2,126.21 2 2
github.com/slotix/dataflowkit/scrape/encoders.go:131.2,132.27 2 2
github.com/slotix/dataflowkit/scrape/encoders.go:155.2,155.12 1 2
github.com/slotix/dataflowkit/scrape/encoders.go:121.17,123.3 1 0
github.com/slotix/dataflowkit/scrape/encoders.go:126.21,127.41 1 2
github.com/slotix/dataflowkit/scrape/encoders.go:127.41,129.4 1 0
github.com/slotix/dataflowkit/scrape/encoders.go:132.27,133.33 1 27
github.com/slotix/dataflowkit/scrape/encoders.go:151.3,151.36 1 27
github.com/slotix/dataflowkit/scrape/encoders.go:133.33,134.35 1 54
github.com/slotix/dataflowkit/scrape/encoders.go:135.16,136.13 1 44
github.com/slotix/dataflowkit/scrape/encoders.go:137.18,138.32 1 1
github.com/slotix/dataflowkit/scrape/encoders.go:139.13,140.43 1 4
github.com/slotix/dataflowkit/scrape/encoders.go:141.15,142.36 1 1
github.com/slotix/dataflowkit/scrape/encoders.go:143.19,144.38 1 1
github.com/slotix/dataflowkit/scrape/encoders.go:145.17,146.47 1 1
github.com/slotix/dataflowkit/scrape/encoders.go:147.13,148.14 1 2
github.com/slotix/dataflowkit/scrape/encoders.go:151.36,153.4 1 0
github.com/slotix/dataflowkit/scrape/encoders.go:159.74,164.30 4 3
github.com/slotix/dataflowkit/scrape/encoders.go:191.2,192.12 2 3
github.com/slotix/dataflowkit/scrape/encoders.go:164.30,166.32 2 27
github.com/slotix/dataflowkit/scrape/encoders.go:184.3,187.17 3 27
github.com/slotix/dataflowkit/scrape/encoders.go:166.32,169.29 2 54
github.com/slotix/dataflowkit/scrape/encoders.go:170.15,171.25 1 1
github.com/slotix/dataflowkit/scrape/encoders.go:174.5,175.14 2 1
github.com/slotix/dataflowkit/scrape/encoders.go:176.19,177.25 1 1
github.com/slotix/dataflowkit/scrape/encoders.go:180.5,181.14 2 1
github.com/slotix/dataflowkit/scrape/encoders.go:171.25,173.6 1 2
github.com/slotix/dataflowkit/scrape/encoders.go:177.25,179.6 1 2
github.com/slotix/dataflowkit/scrape/encoders.go:187.17,189.4 1 0
github.com/slotix/dataflowkit/scrape/payload.go:20.52,28.51 3 1
github.com/slotix/dataflowkit/scrape/payload.go:32.2,33.16 2 1
github.com/slotix/dataflowkit/scrape/payload.go:38.2,39.17 2 1
github.com/slotix/dataflowkit/scrape/payload.go:42.2,46.20 3 1
github.com/slotix/dataflowkit/scrape/payload.go:52.2,52.25 1 1
github.com/slotix/dataflowkit/scrape/payload.go:56.2,56.34 1 1
github.com/slotix/dataflowkit/scrape/payload.go:60.2,60.53 1 1
github.com/slotix/dataflowkit/scrape/payload.go:63.2,63.30 1 1
github.com/slotix/dataflowkit/scrape/payload.go:67.2,67.12 1 1
github.com/slotix/dataflowkit/scrape/payload.go:28.51,30.3 1 0
github.com/slotix/dataflowkit/scrape/payload.go:33.16,35.3 1 0
github.com/slotix/dataflowkit/scrape/payload.go:39.17,41.4 1 0
github.com/slotix/dataflowkit/scrape/payload.go:46.20,48.3 1 0
github.com/slotix/dataflowkit/scrape/payload.go:52.25,55.3 2 1
github.com/slotix/dataflowkit/scrape/payload.go:56.34,59.3 2 1
github.com/slotix/dataflowkit/scrape/payload.go:60.53,62.3 1 0
github.com/slotix/dataflowkit/scrape/payload.go:63.30,66.3 2 0
github.com/slotix/dataflowkit/scrape/payload.go:70.63,73.23 2 2
github.com/slotix/dataflowkit/scrape/payload.go:77.2,78.38 2 2
github.com/slotix/dataflowkit/scrape/payload.go:102.2,102.21 1 2
github.com/slotix/dataflowkit/scrape/payload.go:73.23,75.3 1 1
github.com/slotix/dataflowkit/scrape/payload.go:79.16,80.23 1 2
github.com/slotix/dataflowkit/scrape/payload.go:88.14,89.23 1 0
github.com/slotix/dataflowkit/scrape/payload.go:97.10,100.18 3 0
github.com/slotix/dataflowkit/scrape/payload.go:80.23,82.4 1 1
github.com/slotix/dataflowkit/scrape/payload.go:82.4,87.4 1 1
github.com/slotix/dataflowkit/scrape/payload.go:89.23,91.4 1 0
github.com/slotix/dataflowkit/scrape/payload.go:91.4,96.4 1 0
github.com/slotix/dataflowkit/scrape/payload.go:106.64,107.22 1 11
github.com/slotix/dataflowkit/scrape/payload.go:114.2,114.12 1 11
github.com/slotix/dataflowkit/scrape/payload.go:107.22,109.17 2 1
github.com/slotix/dataflowkit/scrape/payload.go:109.17,111.4 1 0
github.com/slotix/dataflowkit/scrape/payload.go:117.70,128.42 4 1
github.com/slotix/dataflowkit/scrape/payload.go:140.2,140.32 1 1
github.com/slotix/dataflowkit/scrape/payload.go:144.2,146.35 3 1
github.com/slotix/dataflowkit/scrape/payload.go:151.2,152.12 2 1
github.com/slotix/dataflowkit/scrape/payload.go:128.42,129.33 1 3
github.com/slotix/dataflowkit/scrape/payload.go:129.33,130.9 1 1
github.com/slotix/dataflowkit/scrape/payload.go:140.32,142.3 1 0
github.com/slotix/dataflowkit/scrape/payload.go:146.35,149.3 2 0
github.com/slotix/dataflowkit/scrape/scrape.go:33.13,35.2 1 1
github.com/slotix/dataflowkit/scrape/scrape.go:38.31,49.2 2 1
github.com/slotix/dataflowkit/scrape/scrape.go:52.50,54.16 2 3
github.com/slotix/dataflowkit/scrape/scrape.go:58.2,59.16 2 3
github.com/slotix/dataflowkit/scrape/scrape.go:78.2,79.46 2 2
github.com/slotix/dataflowkit/scrape/scrape.go:95.2,96.16 2 2
github.com/slotix/dataflowkit/scrape/scrape.go:99.2,99.15 1 2
github.com/slotix/dataflowkit/scrape/scrape.go:54.16,56.3 1 0
github.com/slotix/dataflowkit/scrape/scrape.go:59.16,60.46 1 1
github.com/slotix/dataflowkit/scrape/scrape.go:63.3,66.17 4 1
github.com/slotix/dataflowkit/scrape/scrape.go:69.3,72.17 4 1
github.com/slotix/dataflowkit/scrape/scrape.go:60.46,62.4 1 0
github.com/slotix/dataflowkit/scrape/scrape.go:66.17,68.4 1 0
github.com/slotix/dataflowkit/scrape/scrape.go:72.17,74.4 1 1
github.com/slotix/dataflowkit/scrape/scrape.go:80.13,84.4 1 1
github.com/slotix/dataflowkit/scrape/scrape.go:85.14,88.4 1 0
github.com/slotix/dataflowkit/scrape/scrape.go:89.13,90.19 1 1
github.com/slotix/dataflowkit/scrape/scrape.go:91.10,92.60 1 0
github.com/slotix/dataflowkit/scrape/scrape.go:96.16,98.3 1 0
github.com/slotix/dataflowkit/scrape/scrape.go:103.49,105.16 2 4
github.com/slotix/dataflowkit/scrape/scrape.go:108.2,109.24 2 4
github.com/slotix/dataflowkit/scrape/scrape.go:116.2,117.16 2 4
github.com/slotix/dataflowkit/scrape/scrape.go:121.2,122.25 2 4
github.com/slotix/dataflowkit/scrape/scrape.go:128.2,136.21 2 4
github.com/slotix/dataflowkit/scrape/scrape.go:105.16,107.3 1 0
github.com/slotix/dataflowkit/scrape/scrape.go:109.24,112.3 1 3
github.com/slotix/dataflowkit/scrape/scrape.go:112.3,114.3 1 1
github.com/slotix/dataflowkit/scrape/scrape.go:117.16,119.3 1 0
github.com/slotix/dataflowkit/scrape/scrape.go:122.25,124.3 1 0
github.com/slotix/dataflowkit/scrape/scrape.go:124.3,126.3 1 4
github.com/slotix/dataflowkit/scrape/scrape.go:140.49,143.29 2 4
github.com/slotix/dataflowkit/scrape/scrape.go:225.2,225.21 1 4
github.com/slotix/dataflowkit/scrape/scrape.go:228.2,229.29 2 4
github.com/slotix/dataflowkit/scrape/scrape.go:242.2,242.19 1 4
github.com/slotix/dataflowkit/scrape/scrape.go:143.29,145.32 2 8
github.com/slotix/dataflowkit/scrape/scrape.go:148.3,150.39 2 8
github.com/slotix/dataflowkit/scrape/scrape.go:145.32,147.4 1 1
github.com/slotix/dataflowkit/scrape/scrape.go:150.39,157.30 3 10
github.com/slotix/dataflowkit/scrape/scrape.go:212.4,214.21 2 10
github.com/slotix/dataflowkit/scrape/scrape.go:221.4,221.31 1 10
github.com/slotix/dataflowkit/scrape/scrape.go:158.16,161.6 1 6
github.com/slotix/dataflowkit/scrape/scrape.go:162.23,169.25 3 2
github.com/slotix/dataflowkit/scrape/scrape.go:182.5,182.27 1 2
github.com/slotix/dataflowkit/scrape/scrape.go:183.15,187.6 1 1
github.com/slotix/dataflowkit/scrape/scrape.go:188.27,189.31 1 0
github.com/slotix/dataflowkit/scrape/scrape.go:190.17,196.10 5 1
github.com/slotix/dataflowkit/scrape/scrape.go:197.17,200.25 1 0
github.com/slotix/dataflowkit/scrape/scrape.go:201.17,202.25 1 0
github.com/slotix/dataflowkit/scrape/scrape.go:203.16,204.24 1 0
github.com/slotix/dataflowkit/scrape/scrape.go:205.21,206.29 1 0
github.com/slotix/dataflowkit/scrape/scrape.go:208.12,210.13 2 0
github.com/slotix/dataflowkit/scrape/scrape.go:169.25,176.20 6 1
github.com/slotix/dataflowkit/scrape/scrape.go:176.20,178.7 1 0
github.com/slotix/dataflowkit/scrape/scrape.go:179.6,181.6 1 1
github.com/slotix/dataflowkit/scrape/scrape.go:214.21,216.19 2 10
github.com/slotix/dataflowkit/scrape/scrape.go:216.19,218.6 1 0
github.com/slotix/dataflowkit/scrape/scrape.go:225.21,227.3 1 0
github.com/slotix/dataflowkit/scrape/scrape.go:229.29,230.26 1 10
github.com/slotix/dataflowkit/scrape/scrape.go:233.3,233.44 1 10
github.com/slotix/dataflowkit/scrape/scrape.go:236.3,238.30 2 10
github.com/slotix/dataflowkit/scrape/scrape.go:230.26,232.4 1 0
github.com/slotix/dataflowkit/scrape/scrape.go:233.44,235.4 1 0
github.com/slotix/dataflowkit/scrape/scrape.go:238.30,240.4 1 0
github.com/slotix/dataflowkit/scrape/scrape.go:246.59,257.16 6 33
github.com/slotix/dataflowkit/scrape/scrape.go:262.2,262.34 1 33
github.com/slotix/dataflowkit/scrape/scrape.go:280.2,280.6 1 33
github.com/slotix/dataflowkit/scrape/scrape.go:449.2,449.22 1 29
github.com/slotix/dataflowkit/scrape/scrape.go:454.2,454.30 1 29
github.com/slotix/dataflowkit/scrape/scrape.go:257.16,261.3 2 0
github.com/slotix/dataflowkit/scrape/scrape.go:262.34,264.17 2 3
github.com/slotix/dataflowkit/scrape/scrape.go:277.3,277.26 1 3
github.com/slotix/dataflowkit/scrape/scrape.go:264.17,266.19 2 3
github.com/slotix/dataflowkit/scrape/scrape.go:269.4,273.43 2 3
github.com/slotix/dataflowkit/scrape/scrape.go:266.19,268.5 1 0
github.com/slotix/dataflowkit/scrape/scrape.go:280.6,283.50 2 63
github.com/slotix/dataflowkit/scrape/scrape.go:287.3,288.115 1 63
github.com/slotix/dataflowkit/scrape/scrape.go:292.3,293.17 2 34
github.com/slotix/dataflowkit/scrape/scrape.go:298.3,299.17 2 32
github.com/slotix/dataflowkit/scrape/scrape.go:303.3,306.59 2 32
github.com/slotix/dataflowkit/scrape/scrape.go:411.3,411.24 1 30
github.com/slotix/dataflowkit/scrape/scrape.go:414.3,418.17 3 30
github.com/slotix/dataflowkit/scrape/scrape.go:421.3,421.16 1 30
github.com/slotix/dataflowkit/scrape/scrape.go:283.50,285.4 1 0
github.com/slotix/dataflowkit/scrape/scrape.go:288.115,289.9 1 29
github.com/slotix/dataflowkit/scrape/scrape.go:293.17,295.4 1 2
github.com/slotix/dataflowkit/scrape/scrape.go:299.17,301.4 1 0
github.com/slotix/dataflowkit/scrape/scrape.go:306.59,310.39 2 123
github.com/slotix/dataflowkit/scrape/scrape.go:406.4,406.29 1 121
github.com/slotix/dataflowkit/scrape/scrape.go:310.39,312.29 2 273
github.com/slotix/dataflowkit/scrape/scrape.go:316.5,316.43 1 273
github.com/slotix/dataflowkit/scrape/scrape.go:322.5,323.19 2 273
github.com/slotix/dataflowkit/scrape/scrape.go:329.5,329.36 1 273
github.com/slotix/dataflowkit/scrape/scrape.go:332.5,336.28 2 246
github.com/slotix/dataflowkit/scrape/scrape.go:312.29,314.6 1 273
github.com/slotix/dataflowkit/scrape/scrape.go:316.43,318.51 2 83
github.com/slotix/dataflowkit/scrape/scrape.go:318.51,320.7 1 56
github.com/slotix/dataflowkit/scrape/scrape.go:323.19,325.6 1 0
github.com/slotix/dataflowkit/scrape/scrape.go:329.36,330.14 1 27
github.com/slotix/dataflowkit/scrape/scrape.go:336.28,339.41 2 29
github.com/slotix/dataflowkit/scrape/scrape.go:372.6,372.33 1 29
github.com/slotix/dataflowkit/scrape/scrape.go:340.18,342.39 2 29
github.com/slotix/dataflowkit/scrape/scrape.go:352.7,352.38 1 29
github.com/slotix/dataflowkit/scrape/scrape.go:353.20,354.57 1 0
github.com/slotix/dataflowkit/scrape/scrape.go:343.19,344.74 1 24
github.com/slotix/dataflowkit/scrape/scrape.go:345.21,346.64 1 5
github.com/slotix/dataflowkit/scrape/scrape.go:347.15,350.23 3 0
github.com/slotix/dataflowkit/scrape/scrape.go:354.57,357.40 2 0
github.com/slotix/dataflowkit/scrape/scrape.go:368.8,368.39 1 0
github.com/slotix/dataflowkit/scrape/scrape.go:358.20,359.47 1 0
github.com/slotix/dataflowkit/scrape/scrape.go:360.22,361.37 1 0
github.com/slotix/dataflowkit/scrape/scrape.go:362.16,365.24 3 0
github.com/slotix/dataflowkit/scrape/scrape.go:372.33,380.21 3 29
github.com/slotix/dataflowkit/scrape/scrape.go:383.7,383.30 1 29
github.com/slotix/dataflowkit/scrape/scrape.go:397.7,398.21 2 29
github.com/slotix/dataflowkit/scrape/scrape.go:401.7,401.66 1 27
github.com/slotix/dataflowkit/scrape/scrape.go:380.21,382.8 1 0
github.com/slotix/dataflowkit/scrape/scrape.go:383.30,384.48 1 29
github.com/slotix/dataflowkit/scrape/scrape.go:384.48,385.43 1 29
github.com/slotix/dataflowkit/scrape/scrape.go:385.43,391.10 4 29
github.com/slotix/dataflowkit/scrape/scrape.go:391.10,393.10 1 0
github.com/slotix/dataflowkit/scrape/scrape.go:398.21,400.8 1 2
github.com/slotix/dataflowkit/scrape/scrape.go:406.29,409.5 1 94
github.com/slotix/dataflowkit/scrape/scrape.go:411.24,413.4 1 30
github.com/slotix/dataflowkit/scrape/scrape.go:418.17,420.4 1 0
github.com/slotix/dataflowkit/scrape/scrape.go:421.16,423.22 2 1
github.com/slotix/dataflowkit/scrape/scrape.go:433.4,435.44 2 1
github.com/slotix/dataflowkit/scrape/scrape.go:424.18,425.35 1 0
github.com/slotix/dataflowkit/scrape/scrape.go:426.16,427.45 1 1
github.com/slotix/dataflowkit/scrape/scrape.go:428.12,431.20 3 0
github.com/slotix/dataflowkit/scrape/scrape.go:435.44,436.39 1 1
github.com/slotix/dataflowkit/scrape/scrape.go:436.39,442.6 4 1
github.com/slotix/dataflowkit/scrape/scrape.go:442.6,444.6 1 0
github.com/slotix/dataflowkit/scrape/scrape.go:449.22,451.3 1 0
github.com/slotix/dataflowkit/scrape/scrape.go:459.48,461.29 2 6
github.com/slotix/dataflowkit/scrape/scrape.go:466.2,466.25 1 6
github.com/slotix/dataflowkit/scrape/scrape.go:469.2,469.23 1 5
github.com/slotix/dataflowkit/scrape/scrape.go:461.29,462.23 1 16
github.com/slotix/dataflowkit/scrape/scrape.go:462.23,464.4 1 12
github.com/slotix/dataflowkit/scrape/scrape.go:466.25,468.3 1 1
github.com/slotix/dataflowkit/scrape/scrape.go:473.68,475.16 2 34
github.com/slotix/dataflowkit/scrape/scrape.go:478.2,479.16 2 34
github.com/slotix/dataflowkit/scrape/scrape.go:483.2,483.18 1 32
github.com/slotix/dataflowkit/scrape/scrape.go:475.16,477.3 1 0
github.com/slotix/dataflowkit/scrape/scrape.go:479.16,482.3 2 2
github.com/slotix/dataflowkit/scrape/scrape.go:487.39,489.31 2 2
github.com/slotix/dataflowkit/scrape/scrape.go:492.2,492.14 1 2
github.com/slotix/dataflowkit/scrape/scrape.go:489.31,491.3 1 6
github.com/slotix/dataflowkit/scrape/scrape.go:499.50,500.27 1 2
github.com/slotix/dataflowkit/scrape/scrape.go:504.2,504.23 1 1
github.com/slotix/dataflowkit/scrape/scrape.go:500.27,502.3 1 1
github.com/slotix/dataflowkit/scrape/scrape.go:509.56,512.32 2 35
github.com/slotix/dataflowkit/scrape/scrape.go:518.2,518.12 1 35
github.com/slotix/dataflowkit/scrape/scrape.go:512.32,513.30 1 53
github.com/slotix/dataflowkit/scrape/scrape.go:513.30,515.4 1 91
github.com/slotix/dataflowkit/scrape/scrape.go:522.47,524.16 2 1
github.com/slotix/dataflowkit/scrape/scrape.go:527.2,528.21 2 1
github.com/slotix/dataflowkit/scrape/scrape.go:524.16,526.3 1 0
