mode: set
github.com/slotix/dataflowkit/storage/s3.go:30.58,32.2 1 0
github.com/slotix/dataflowkit/storage/s3.go:36.83,44.16 4 1
github.com/slotix/dataflowkit/storage/s3.go:47.2,47.25 1 1
github.com/slotix/dataflowkit/storage/s3.go:44.16,46.3 1 0
github.com/slotix/dataflowkit/storage/s3.go:51.64,58.2 4 0
github.com/slotix/dataflowkit/storage/s3.go:62.98,72.16 4 1
github.com/slotix/dataflowkit/storage/s3.go:75.2,75.12 1 1
github.com/slotix/dataflowkit/storage/s3.go:72.16,74.3 1 0
github.com/slotix/dataflowkit/storage/s3.go:79.71,85.2 4 0
github.com/slotix/dataflowkit/storage/s3.go:88.79,93.2 4 0
github.com/slotix/dataflowkit/storage/s3.go:96.95,105.2 3 1
github.com/slotix/dataflowkit/storage/s3.go:107.55,109.16 2 1
github.com/slotix/dataflowkit/storage/s3.go:113.2,114.33 2 1
github.com/slotix/dataflowkit/storage/s3.go:118.2,118.21 1 1
github.com/slotix/dataflowkit/storage/s3.go:109.16,111.3 1 0
github.com/slotix/dataflowkit/storage/s3.go:114.33,116.3 1 1
github.com/slotix/dataflowkit/storage/s3.go:121.95,130.2 3 1
github.com/slotix/dataflowkit/storage/s3.go:132.79,137.2 4 0
github.com/slotix/dataflowkit/storage/storage.go:19.13,21.2 1 1
github.com/slotix/dataflowkit/storage/storage.go:51.40,52.28 1 0
github.com/slotix/dataflowkit/storage/storage.go:62.2,63.59 2 0
github.com/slotix/dataflowkit/storage/storage.go:53.12,54.17 1 0
github.com/slotix/dataflowkit/storage/storage.go:55.16,56.21 1 0
github.com/slotix/dataflowkit/storage/storage.go:57.15,58.20 1 0
github.com/slotix/dataflowkit/storage/storage.go:59.15,60.20 1 0
github.com/slotix/dataflowkit/storage/storage.go:67.29,68.11 1 0
github.com/slotix/dataflowkit/storage/storage.go:69.13,71.45 2 0
github.com/slotix/dataflowkit/storage/storage.go:72.10,77.38 3 0
github.com/slotix/dataflowkit/storage/storage.go:79.14,86.38 3 0
github.com/slotix/dataflowkit/storage/storage.go:88.13,91.51 3 0
github.com/slotix/dataflowkit/storage/storage.go:92.10,93.13 1 0
github.com/slotix/dataflowkit/storage/storage.go:97.61,100.2 2 0
github.com/slotix/dataflowkit/storage/storage.go:103.63,106.2 2 0
github.com/slotix/dataflowkit/storage/storage.go:109.73,111.16 2 0
github.com/slotix/dataflowkit/storage/storage.go:114.2,115.16 2 0
github.com/slotix/dataflowkit/storage/storage.go:118.2,118.12 1 0
github.com/slotix/dataflowkit/storage/storage.go:111.16,113.3 1 0
github.com/slotix/dataflowkit/storage/storage.go:115.16,117.3 1 0
github.com/slotix/dataflowkit/storage/storage.go:122.45,124.16 2 0
github.com/slotix/dataflowkit/storage/storage.go:127.2,127.16 1 0
github.com/slotix/dataflowkit/storage/storage.go:124.16,126.3 1 0
github.com/slotix/dataflowkit/storage/storage.go:130.60,133.2 2 0
github.com/slotix/dataflowkit/storage/storage.go:136.60,139.2 2 0
github.com/slotix/dataflowkit/storage/storage.go:142.70,144.16 2 0
github.com/slotix/dataflowkit/storage/storage.go:147.2,147.12 1 0
github.com/slotix/dataflowkit/storage/storage.go:144.16,146.3 1 0
github.com/slotix/dataflowkit/storage/storage.go:151.42,153.16 2 0
github.com/slotix/dataflowkit/storage/storage.go:156.2,164.17 7 0
github.com/slotix/dataflowkit/storage/storage.go:153.16,154.13 1 0
github.com/slotix/dataflowkit/storage/storage.go:167.65,170.2 2 0
github.com/slotix/dataflowkit/storage/storage.go:173.63,175.16 2 0
github.com/slotix/dataflowkit/storage/storage.go:178.2,178.19 1 0
github.com/slotix/dataflowkit/storage/storage.go:175.16,177.3 1 0
github.com/slotix/dataflowkit/storage/storage.go:182.73,184.16 2 0
github.com/slotix/dataflowkit/storage/storage.go:187.2,187.12 1 0
github.com/slotix/dataflowkit/storage/storage.go:184.16,186.3 1 0
github.com/slotix/dataflowkit/storage/storage.go:191.45,194.16 2 0
github.com/slotix/dataflowkit/storage/storage.go:197.2,202.16 4 0
github.com/slotix/dataflowkit/storage/storage.go:205.2,212.17 6 0
github.com/slotix/dataflowkit/storage/storage.go:194.16,195.13 1 0
github.com/slotix/dataflowkit/storage/storage.go:202.16,204.3 1 0
github.com/slotix/dataflowkit/storage/storage.go:217.54,219.16 2 0
github.com/slotix/dataflowkit/storage/storage.go:222.2,223.8 2 0
github.com/slotix/dataflowkit/storage/storage.go:219.16,221.3 1 0
github.com/slotix/dataflowkit/storage/diskv.go:13.66,15.43 1 0
github.com/slotix/dataflowkit/storage/diskv.go:17.2,23.28 2 0
github.com/slotix/dataflowkit/storage/diskv.go:15.43,15.64 1 0
github.com/slotix/dataflowkit/storage/diskv.go:27.44,29.16 2 0
github.com/slotix/dataflowkit/storage/diskv.go:32.2,32.12 1 0
github.com/slotix/dataflowkit/storage/diskv.go:29.16,31.3 1 0
github.com/slotix/dataflowkit/storage/redis.go:24.28,25.29 1 0
github.com/slotix/dataflowkit/storage/redis.go:25.29,27.3 1 0
github.com/slotix/dataflowkit/storage/redis.go:30.31,31.29 1 0
github.com/slotix/dataflowkit/storage/redis.go:31.29,33.3 1 0
github.com/slotix/dataflowkit/storage/redis.go:36.32,37.29 1 0
github.com/slotix/dataflowkit/storage/redis.go:37.29,39.3 1 0
github.com/slotix/dataflowkit/storage/redis.go:42.23,43.29 1 0
github.com/slotix/dataflowkit/storage/redis.go:43.29,45.3 1 0
github.com/slotix/dataflowkit/storage/redis.go:48.34,49.29 1 0
github.com/slotix/dataflowkit/storage/redis.go:49.29,51.3 1 0
github.com/slotix/dataflowkit/storage/redis.go:67.48,79.2 2 0
github.com/slotix/dataflowkit/storage/redis.go:82.39,83.19 1 0
github.com/slotix/dataflowkit/storage/redis.go:86.2,86.22 1 0
github.com/slotix/dataflowkit/storage/redis.go:90.2,90.21 1 0
github.com/slotix/dataflowkit/storage/redis.go:83.19,85.3 1 0
github.com/slotix/dataflowkit/storage/redis.go:86.22,89.3 2 0
github.com/slotix/dataflowkit/storage/redis.go:94.43,98.36 1 0
github.com/slotix/dataflowkit/storage/redis.go:98.36,105.29 2 0
github.com/slotix/dataflowkit/storage/redis.go:109.4,109.31 1 0
github.com/slotix/dataflowkit/storage/redis.go:115.4,115.22 1 0
github.com/slotix/dataflowkit/storage/redis.go:119.4,119.18 1 0
github.com/slotix/dataflowkit/storage/redis.go:122.4,122.17 1 0
github.com/slotix/dataflowkit/storage/redis.go:105.29,107.5 1 0
github.com/slotix/dataflowkit/storage/redis.go:109.31,111.5 1 0
github.com/slotix/dataflowkit/storage/redis.go:111.5,113.5 1 0
github.com/slotix/dataflowkit/storage/redis.go:115.22,117.5 1 0
github.com/slotix/dataflowkit/storage/redis.go:119.18,121.5 1 0
github.com/slotix/dataflowkit/storage/redis.go:124.55,127.4 2 0
github.com/slotix/dataflowkit/storage/redis.go:132.55,137.16 4 0
github.com/slotix/dataflowkit/storage/redis.go:140.2,140.17 1 0
github.com/slotix/dataflowkit/storage/redis.go:137.16,139.3 1 0
github.com/slotix/dataflowkit/storage/redis.go:144.57,149.16 4 0
github.com/slotix/dataflowkit/storage/redis.go:152.2,152.15 1 0
github.com/slotix/dataflowkit/storage/redis.go:149.16,151.3 1 0
github.com/slotix/dataflowkit/storage/redis.go:156.67,160.16 4 0
github.com/slotix/dataflowkit/storage/redis.go:163.2,163.28 1 0
github.com/slotix/dataflowkit/storage/redis.go:166.2,166.12 1 0
github.com/slotix/dataflowkit/storage/redis.go:160.16,162.3 1 0
github.com/slotix/dataflowkit/storage/redis.go:163.28,165.3 1 0
github.com/slotix/dataflowkit/storage/redis.go:171.65,175.16 4 0
github.com/slotix/dataflowkit/storage/redis.go:178.2,178.12 1 0
github.com/slotix/dataflowkit/storage/redis.go:175.16,177.3 1 0
github.com/slotix/dataflowkit/storage/redis.go:182.64,187.16 4 0
github.com/slotix/dataflowkit/storage/redis.go:190.2,190.12 1 0
github.com/slotix/dataflowkit/storage/redis.go:187.16,189.3 1 0
github.com/slotix/dataflowkit/storage/redis.go:194.52,198.16 4 0
github.com/slotix/dataflowkit/storage/redis.go:201.2,201.27 1 0
github.com/slotix/dataflowkit/storage/redis.go:198.16,200.3 1 0
